<?xml version="1.0" encoding="UTF-8" ?>
<testsuite errors="1" failures="0" hostname="LAPTOP-QM0H46RJ" name="test.CalculatorTest" skipped="0" tests="1" time="0.0" timestamp="2020-02-23T05:53:19">
  <properties>
    <property name="sun.desktop" value="windows" />
    <property name="ant.library.dir" value="C:\Users\cuteh\.p2\pool\plugins\org.apache.ant_1.10.5.v20190526-1402\lib" />
    <property name="awt.toolkit" value="sun.awt.windows.WToolkit" />
    <property name="java.specification.version" value="12" />
    <property name="ant.project.name" value="HelloProject" />
    <property name="sun.cpu.isalist" value="amd64" />
    <property name="sun.jnu.encoding" value="Cp1252" />
    <property name="java.class.path" value="C:\Users\cuteh\.p2\pool\plugins\org.apache.ant_1.10.5.v20190526-1402\lib\ant-antlr.jar;C:\Users\cuteh\.p2\pool\plugins\org.apache.ant_1.10.5.v20190526-1402\lib\ant-apache-bcel.jar;C:\Users\cuteh\.p2\pool\plugins\org.apache.ant_1.10.5.v20190526-1402\lib\ant-apache-bsf.jar;C:\Users\cuteh\.p2\pool\plugins\org.apache.ant_1.10.5.v20190526-1402\lib\ant-apache-log4j.jar;C:\Users\cuteh\.p2\pool\plugins\org.apache.ant_1.10.5.v20190526-1402\lib\ant-apache-oro.jar;C:\Users\cuteh\.p2\pool\plugins\org.apache.ant_1.10.5.v20190526-1402\lib\ant-apache-regexp.jar;C:\Users\cuteh\.p2\pool\plugins\org.apache.ant_1.10.5.v20190526-1402\lib\ant-apache-resolver.jar;C:\Users\cuteh\.p2\pool\plugins\org.apache.ant_1.10.5.v20190526-1402\lib\ant-apache-xalan2.jar;C:\Users\cuteh\.p2\pool\plugins\org.apache.ant_1.10.5.v20190526-1402\lib\ant-commons-logging.jar;C:\Users\cuteh\.p2\pool\plugins\org.apache.ant_1.10.5.v20190526-1402\lib\ant-commons-net.jar;C:\Users\cuteh\.p2\pool\plugins\org.apache.ant_1.10.5.v20190526-1402\lib\ant-jai.jar;C:\Users\cuteh\.p2\pool\plugins\org.apache.ant_1.10.5.v20190526-1402\lib\ant-javamail.jar;C:\Users\cuteh\.p2\pool\plugins\org.apache.ant_1.10.5.v20190526-1402\lib\ant-jdepend.jar;C:\Users\cuteh\.p2\pool\plugins\org.apache.ant_1.10.5.v20190526-1402\lib\ant-jmf.jar;C:\Users\cuteh\.p2\pool\plugins\org.apache.ant_1.10.5.v20190526-1402\lib\ant-jsch.jar;C:\Users\cuteh\.p2\pool\plugins\org.apache.ant_1.10.5.v20190526-1402\lib\ant-junit.jar;C:\Users\cuteh\.p2\pool\plugins\org.apache.ant_1.10.5.v20190526-1402\lib\ant-junit4.jar;C:\Users\cuteh\.p2\pool\plugins\org.apache.ant_1.10.5.v20190526-1402\lib\ant-junitlauncher.jar;C:\Users\cuteh\.p2\pool\plugins\org.apache.ant_1.10.5.v20190526-1402\lib\ant-launcher.jar;C:\Users\cuteh\.p2\pool\plugins\org.apache.ant_1.10.5.v20190526-1402\lib\ant-netrexx.jar;C:\Users\cuteh\.p2\pool\plugins\org.apache.ant_1.10.5.v20190526-1402\lib\ant-swing.jar;C:\Users\cuteh\.p2\pool\plugins\org.apache.ant_1.10.5.v20190526-1402\lib\ant-testutil.jar;C:\Users\cuteh\.p2\pool\plugins\org.apache.ant_1.10.5.v20190526-1402\lib\ant-xz.jar;C:\Users\cuteh\.p2\pool\plugins\org.apache.ant_1.10.5.v20190526-1402\lib\ant.jar;C:\Users\cuteh\eclipse\java-2019-06\eclipse\configuration\org.eclipse.osgi\629\0\.cp\lib\antdebug.jar;C:\Users\cuteh\eclipse\java-2019-06\eclipse\configuration\org.eclipse.osgi\629\0\.cp\lib\remote.jar;C:\Users\cuteh\eclipse\java-2019-06\eclipse\configuration\org.eclipse.osgi\630\0\.cp\lib\remoteAnt.jar;C:\Users\cuteh\.p2\pool\plugins\org.eclipse.swt.win32.win32.x86_64_3.111.0.v20190605-1801.jar" />
    <property name="java.vm.vendor" value="Oracle Corporation" />
    <property name="ant.file.HelloProject" value="C:\Users\cuteh\git\Calc\build.xml" />
    <property name="sun.arch.data.model" value="64" />
    <property name="user.variant" value="" />
    <property name="java.vendor.url" value="https://java.oracle.com/" />
    <property name="java.vm.specification.version" value="12" />
    <property name="os.name" value="Windows 10" />
    <property name="sun.java.launcher" value="SUN_STANDARD" />
    <property name="user.country" value="US" />
    <property name="sun.boot.library.path" value="C:\Program Files\Java\jdk-12.0.2\bin" />
    <property name="sun.java.command" value="org.eclipse.ant.internal.launching.remote.InternalAntRunner -Dorg.eclipse.ant.core.ANT_PROCESS_ID=1582437196138 -Declipse.connect.port=51532 -Declipse.pdebuild.home=C:\Users\cuteh\eclipse\java-2019-06\eclipse\..\..\..\.p2\pool\plugins\org.eclipse.pde.build_3.10.400.v20190320-1020\. -Declipse.pdebuild.scripts=C:\Users\cuteh\eclipse\java-2019-06\eclipse\..\..\..\.p2\pool\plugins\org.eclipse.pde.build_3.10.400.v20190320-1020\scripts -Declipse.pdebuild.templates=C:\Users\cuteh\eclipse\java-2019-06\eclipse\..\..\..\.p2\pool\plugins\org.eclipse.pde.build_3.10.400.v20190320-1020\templates -Dant.home=C:\Users\cuteh\.p2\pool\plugins\org.apache.ant_1.10.5.v20190526-1402 -logger org.eclipse.ant.internal.launching.remote.logger.RemoteAntBuildLogger -inputhandler org.eclipse.ant.internal.ui.antsupport.inputhandler.ProxyInputHandler -buildfile C:\Users\cuteh\git\Calc\build.xml" />
    <property name="jdk.debug" value="release" />
    <property name="sun.cpu.endian" value="little" />
    <property name="test.dir" value="C:\Users\cuteh\git\Calc\src\test" />
    <property name="user.home" value="C:\Users\cuteh" />
    <property name="user.language" value="en" />
    <property name="eclipse.pdebuild.templates" value="C:\Users\cuteh\eclipse\java-2019-06\eclipse\..\..\..\.p2\pool\plugins\org.eclipse.pde.build_3.10.400.v20190320-1020\templates" />
    <property name="web.dir" value="war" />
    <property name="java.specification.vendor" value="Oracle Corporation" />
    <property name="java.version.date" value="2019-07-16" />
    <property name="java.home" value="C:\Program Files\Java\jdk-12.0.2" />
    <property name="basedir" value="C:\Users\cuteh\git\Calc" />
    <property name="file.separator" value="\" />
    <property name="java.vm.compressedOopsMode" value="Zero based" />
    <property name="eclipse.pdebuild.home" value="C:\Users\cuteh\eclipse\java-2019-06\eclipse\..\..\..\.p2\pool\plugins\org.eclipse.pde.build_3.10.400.v20190320-1020\." />
    <property name="line.separator" value="&#xd;&#xa;" />
    <property name="ant.java.version" value="12" />
    <property name="java.vm.specification.vendor" value="Oracle Corporation" />
    <property name="java.specification.name" value="Java Platform API Specification" />
    <property name="java.awt.graphicsenv" value="sun.awt.Win32GraphicsEnvironment" />
    <property name="projectName" value="Calc" />
    <property name="jdk.version" value="12.0.2" />
    <property name="user.script" value="" />
    <property name="sun.management.compiler" value="HotSpot 64-Bit Tiered Compilers" />
    <property name="java.runtime.version" value="12.0.2+10" />
    <property name="user.name" value="cuteh" />
    <property name="ant.file" value="C:\Users\cuteh\git\Calc\build.xml" />
    <property name="path.separator" value=";" />
    <property name="os.version" value="10.0" />
    <property name="java.runtime.name" value="Java(TM) SE Runtime Environment" />
    <property name="file.encoding" value="Cp1252" />
    <property name="ant.project.invoked-targets" value="main" />
    <property name="java.vm.name" value="Java HotSpot(TM) 64-Bit Server VM" />
    <property name="report.dir" value="C:\Users\cuteh\git\Calc\report" />
    <property name="ant.core.lib" value="C:\Users\cuteh\.p2\pool\plugins\org.apache.ant_1.10.5.v20190526-1402\lib\ant.jar" />
    <property name="java.vendor.url.bug" value="https://bugreport.java.com/bugreport/" />
    <property name="java.io.tmpdir" value="C:\Users\cuteh\AppData\Local\Temp\" />
    <property name="java.version" value="12.0.2" />
    <property name="user.dir" value="C:\Users\cuteh\git\Calc" />
    <property name="os.arch" value="amd64" />
    <property name="java.vm.specification.name" value="Java Virtual Machine Specification" />
    <property name="ant.home" value="C:\Users\cuteh\.p2\pool\plugins\org.apache.ant_1.10.5.v20190526-1402" />
    <property name="web.classes.dir" value="C:\Users\cuteh\git\Calc\war\WEB-INF\classes" />
    <property name="ant.file.type.HelloProject" value="file" />
    <property name="sun.os.patch.level" value="" />
    <property name="ant.version" value="Apache Ant(TM) version 1.10.7 compiled on September 1 2019" />
    <property name="eclipse.pdebuild.scripts" value="C:\Users\cuteh\eclipse\java-2019-06\eclipse\..\..\..\.p2\pool\plugins\org.eclipse.pde.build_3.10.400.v20190320-1020\scripts" />
    <property name="java.library.path" value="C:\Users\cuteh\eclipse\java-2019-06\eclipse;C:\WINDOWS\Sun\Java\bin;C:\WINDOWS\system32;C:\WINDOWS;C:\Program Files (x86)\Common Files\Oracle\Java\javapath;C:\Program Files (x86)\Intel\Intel(R) Management Engine Components\iCLS\;C:\Program Files\Intel\Intel(R) Management Engine Components\iCLS\;C:\Windows\system32;C:\Windows;C:\Windows\System32\Wbem;C:\Windows\System32\WindowsPowerShell\v1.0\;C:\Windows\System32\OpenSSH\;C:\Program Files (x86)\NVIDIA Corporation\PhysX\Common;C:\Program Files\NVIDIA Corporation\NVIDIA NvDLISR;C:\Program Files (x86)\Intel\Intel(R) Management Engine Components\DAL;C:\Program Files\Intel\Intel(R) Management Engine Components\DAL;C:\Program Files (x86)\Intel\Intel(R) Management Engine Components\IPT;C:\Program Files\Intel\Intel(R) Management Engine Components\IPT;C:\Program Files\Intel\WiFi\bin\;C:\Program Files\Common Files\Intel\WirelessCommon\;C:\WINDOWS\system32;C:\WINDOWS;C:\WINDOWS\System32\Wbem;C:\WINDOWS\System32\WindowsPowerShell\v1.0\;C:\WINDOWS\System32\OpenSSH\;C:\Program Files\Git\cmd;C:\Program Files\nodejs\;C:\Users\cuteh\AppData\Local\Microsoft\WindowsApps;C:\Program Files (x86)\Jar2Exe Wizard\;C:\Users\cuteh\AppData\Roaming\npm;.;C:\Users\cuteh\eclipse\java-2019-06\eclipse\configuration\org.eclipse.osgi\434\0\.cp" />
    <property name="java.vendor" value="Oracle Corporation" />
    <property name="java.vm.info" value="mixed mode, sharing" />
    <property name="java.vm.version" value="12.0.2+10" />
    <property name="sun.io.unicode.encoding" value="UnicodeLittle" />
    <property name="java.class.version" value="56.0" />
    <property name="src.dir" value="C:\Users\cuteh\git\Calc\src\calculator" />
    <property name="ant.project.default-target" value="main" />
  </properties>
  <error message="test.CalculatorTest" type="java.lang.ClassNotFoundException">java.lang.ClassNotFoundException: test.CalculatorTest
	at java.base/java.lang.ClassLoader.loadClass(ClassLoader.java:521)
	at java.base/java.lang.Class.forName0(Native Method)
	at java.base/java.lang.Class.forName(Class.java:415)
	at java.base/jdk.internal.reflect.NativeMethodAccessorImpl.invoke0(Native Method)
	at java.base/jdk.internal.reflect.NativeMethodAccessorImpl.invoke(NativeMethodAccessorImpl.java:62)
	at java.base/jdk.internal.reflect.DelegatingMethodAccessorImpl.invoke(DelegatingMethodAccessorImpl.java:43)
	at org.eclipse.ant.internal.launching.remote.EclipseDefaultExecutor.executeTargets(EclipseDefaultExecutor.java:36)
	at org.eclipse.ant.internal.launching.remote.InternalAntRunner.run(InternalAntRunner.java:460)
	at org.eclipse.ant.internal.launching.remote.InternalAntRunner.main(InternalAntRunner.java:142)
</error>
  <system-out><![CDATA[]]></system-out>
  <system-err><![CDATA[]]></system-err>
</testsuite>
